#
# A fatal error has been detected by the Java Runtime Environment:
#
#  EXCEPTION_ACCESS_VIOLATION (0xc0000005) at pc=0x000000006413fed7, pid=1172, tid=0x00000000000011dc
#
# JRE version: OpenJDK Runtime Environment (8.0_242-b01) (build 1.8.0_242-release-1644-b01)
# Java VM: OpenJDK 64-Bit Server VM (25.242-b01 mixed mode windows-amd64 compressed oops)
# Problematic frame:
# V  [jvm.dll+0x1efed7]
#
# Failed to write core dump. Minidumps are not enabled by default on client versions of Windows
#
# If you would like to submit a bug report, please visit:
#   
#

---------------  T H R E A D  ---------------

Current thread (0x0000000033a34800):  JavaThread "Stdin handler" [_thread_in_vm, id=4572, stack(0x000000001e340000,0x000000001e440000)]

siginfo: ExceptionCode=0xc0000005, writing address 0x000000001e43a280

Registers:
RAX=0x000000001e43a280, RBX=0x0000000000000006, RCX=0x0000000000005000, RDX=0x0000000000000006
RSP=0x000000001e43f280, RBP=0x0000000000000000, RSI=0x000000001e43f280, RDI=0x0000000000000006
R8 =0x0000000000000006, R9 =0x00000000220a1ee0, R10=0x000000001775e968, R11=0x000000001e34a148
R12=0x00000000ffffffff, R13=0x0000000033a34800, R14=0x0000000033a34800, R15=0x000000001775e968
RIP=0x000000006413fed7, EFLAGS=0x0000000000010202

Top of Stack: (sp=0x000000001e43f280)
0x000000001e43f280:   0000000000000000 0000000100006948
0x000000001e43f290:   0000000033a34800 00000000ffffffff
0x000000001e43f2a0:   000000001e43f348 0000000064140eb7
0x000000001e43f2b0:   000000001e43f3b0 00000000220a1ee0
0x000000001e43f2c0:   000000001775e968 0000000063febe73
0x000000001e43f2d0:   000000001e43f310 0000000033a34800
0x000000001e43f2e0:   000000001e43f3a0 0000000033a34800
0x000000001e43f2f0:   000000001775e968 0000000033a34800
0x000000001e43f300:   00000000030f6d60 0000000033a34800
0x000000001e43f310:   000000001775e968 0000000033a34800
0x000000001e43f320:   000000001775e968 0000000033a34800
0x000000001e43f330:   0000000000000001 000000001775e968
0x000000001e43f340:   0000000033a34800 000000002038ba80
0x000000001e43f350:   0000000033a34800 0000000063fed5dd
0x000000001e43f360:   000000001e43f668 0000000100006948
0x000000001e43f370:   0000000100006948 0000000000000000 

Instructions: (pc=0x000000006413fed7)
0x000000006413feb7:   48 89 6c 24 30 33 ed 66 90 e8 4b d9 07 00 ff c3
0x000000006413fec7:   48 63 c8 48 8b c6 48 0f af cf 48 ff c7 48 2b c1
0x000000006413fed7:   89 28 48 63 c3 48 3b 05 65 b8 57 00 7e db 48 8b
0x000000006413fee7:   6c 24 30 48 8b 5c 24 38 48 8b 74 24 40 48 83 c4 


Register to memory mapping:

RAX=0x000000001e43a280 is pointing into the stack for thread: 0x0000000033a34800
RBX=0x0000000000000006 is an unknown value
RCX=0x0000000000005000 is an unknown value
RDX=0x0000000000000006 is an unknown value
RSP=0x000000001e43f280 is pointing into the stack for thread: 0x0000000033a34800
RBP=0x0000000000000000 is an unknown value
RSI=0x000000001e43f280 is pointing into the stack for thread: 0x0000000033a34800
RDI=0x0000000000000006 is an unknown value
R8 =0x0000000000000006 is an unknown value
R9 =0x00000000220a1ee0 is an unknown value
R10={method} {0x000000001775e970} 'run' '()V' in 'java/lang/Thread'
R11=0x000000001e34a148 is pointing into the stack for thread: 0x0000000033a34800
R12=0x00000000ffffffff is an unknown value
R13=0x0000000033a34800 is a thread
R14=0x0000000033a34800 is a thread
R15={method} {0x000000001775e970} 'run' '()V' in 'java/lang/Thread'


Stack: [0x000000001e340000,0x000000001e440000],  sp=0x000000001e43f280,  free space=1020k
